INFO: Conflicting module gcc/5.2.0 detected and automatically unloaded.

INFO: Conflicting module gcc/5.2.0 detected and automatically unloaded.

------------------------------------------
Setting up environment variables
LD_LIBRARY_PATH is: .:/cbica/software/external/matlab/R2018A/runtime/glnxa64:/cbica/software/external/matlab/R2018A/bin/glnxa64:/cbica/software/external/matlab/R2018A/sys/os/glnxa64:/cbica/software/external/matlab/R2018A/sys/opengl/lib/glnxa64
/cbica/home/garcijo/Brain_Tumor/Projects/ReSPOND_survival_validation/ipp_survival_respond23/bin/ML/GBMSurvival_staging22  "52.99" "/cbica/home/garcijo/Brain_Tumor/Projects/ReSPOND_survival_validation/Results/20231004_validation/UPENN-GBM-00006_11/tmpdir/deform/sub_segm_rdAtlas_TC.nii.gz" "/cbica/home/garcijo/Brain_Tumor/Projects/ReSPOND_survival_validation/Results/20231004_validation/UPENN-GBM-00006_11/tmpdir/seg/segmSRI_user.nii.gz" "/cbica/home/garcijo/Brain_Tumor/Projects/ReSPOND_survival_validation/Results/20231004_validation/UPENN-GBM-00006_11/tmpdir/deform/sub_atlasVT_rSRI.nii.gz" "/cbica/home/garcijo/Brain_Tumor/Projects/ReSPOND_survival_validation/Results/20231004_validation/UPENN-GBM-00006_11/images/T1CE/T1CE_to_SRI_brain.nii.gz" "/cbica/home/garcijo/Brain_Tumor/Projects/ReSPOND_survival_validation/ipp_survival_respond23/bin/data/model/Atlas_Sur_NatMed.nii.gz" "/cbica/home/garcijo/Brain_Tumor/Projects/ReSPOND_survival_validation/Results/20231004_validation/UPENN-GBM-00006_11/tmpdir/ML" "/cbica/home/garcijo/Brain_Tumor/Projects/ReSPOND_survival_validation/ipp_survival_respond23/bin/data/model/Trained_ReSPOND_NatMedRev1.mat"
Creating MATLAB Runtime Cache at location: /scratch/garcijo/SGE_8934265/mcrCache-e3838df9cb56bd393d434fee3a9f3e60/.mcrCache9.4
.max_size not found.  Using default size of 33554432 bytes.
MATLAB Runtime cache extracting component: GBMSurvival__621D2E924E620235392DECFD4AEC31E6
Acquiring MATLAB Runtime cache root-level directory lock... acquire succeeded.
Reading cache index file... 
File open failed for /scratch/garcijo/SGE_8934265/mcrCache-e3838df9cb56bd393d434fee3a9f3e60/.mcrCache9.4/.mcr_cache_index
MATLAB Runtime cache: extractDir is /scratch/garcijo/SGE_8934265/mcrCache-e3838df9cb56bd393d434fee3a9f3e60/.mcrCache9.4/GBMSur0

Adding component GBMSurvival__621D2E924E620235392DECFD4AEC31E6 to the cache.
MATLAB Runtime Cache: performing maintenance...
Processing cached components... 
Done with cache maintenance.
Creating component directory: /scratch/garcijo/SGE_8934265/mcrCache-e3838df9cb56bd393d434fee3a9f3e60/.mcrCache9.4/GBMSur0
Acquiring component directory WRITE lock... acquire succeeded.
Extracting component... Component extracted to cache.  Writing creation timestamp...
Timestamp successfully created.
done.
Downgrading WRITE lock to READ lock... downgrade successful.
Component GBMSurvival__621D2E924E620235392DECFD4AEC31E6 has successfully been accessed from the cache.
MATLAB Runtime Cache: performing maintenance...
Processing cached components... 
Processing component GBMSurvival__621D2E924E620235392DECFD4AEC31E6
Attempting to delete component GBMSurvival__621D2E924E620235392DECFD4AEC31E6... could not acquire WRITE lock; delete FAILED
Done with cache maintenance.
Checking whether index file /scratch/garcijo/SGE_8934265/mcrCache-e3838df9cb56bd393d434fee3a9f3e60/.mcrCache9.4/.mcr_cache_index needs to be written...
Write is needed.
Writing cache index file: /scratch/garcijo/SGE_8934265/mcrCache-e3838df9cb56bd393d434fee3a9f3e60/.mcrCache9.4/.mcr_cache_index
Writing cache index entry: 
GBMSurvival__621D2E924E620235392DECFD4AEC31E6
GBMSur0
177149291
2023-Oct-04 21:29:24.494017

Age:52.990000
fTumorRA:/cbica/home/garcijo/Brain_Tumor/Projects/ReSPOND_survival_validation/Results/20231004_validation/UPENN-GBM-00006_11/tmpdir/deform/sub_segm_rdAtlas_TC.nii.gz
fSeg_SRI:/cbica/home/garcijo/Brain_Tumor/Projects/ReSPOND_survival_validation/Results/20231004_validation/UPENN-GBM-00006_11/tmpdir/seg/segmSRI_user.nii.gz
fVent_SRI:/cbica/home/garcijo/Brain_Tumor/Projects/ReSPOND_survival_validation/Results/20231004_validation/UPENN-GBM-00006_11/tmpdir/deform/sub_atlasVT_rSRI.nii.gz
fMod:/cbica/home/garcijo/Brain_Tumor/Projects/ReSPOND_survival_validation/Results/20231004_validation/UPENN-GBM-00006_11/images/T1CE/T1CE_to_SRI_brain.nii.gz
fAtlas:/cbica/home/garcijo/Brain_Tumor/Projects/ReSPOND_survival_validation/ipp_survival_respond23/bin/data/model/Atlas_Sur_NatMed.nii.gz
outdir:/cbica/home/garcijo/Brain_Tumor/Projects/ReSPOND_survival_validation/Results/20231004_validation/UPENN-GBM-00006_11/tmpdir/ML
model:/cbica/home/garcijo/Brain_Tumor/Projects/ReSPOND_survival_validation/ipp_survival_respond23/bin/data/model/Trained_ReSPOND_NatMedRev1.mat
Reading input..
TC in atlas
Using tmpDir: /scratch/garcijo/SGE_8934265/tp52129dd7_c36e_4030_968d_f25a91a9c36e
seg in SRI
Using tmpDir: /scratch/garcijo/SGE_8934265/tp0fbe4e6c_fea3_4ad6_8912_43965fa5b08f
VT in SRI
Using tmpDir: /scratch/garcijo/SGE_8934265/tpb91bd50b_68f3_4f74_a68f_f40f7278409b
t1ce in SRI
Using tmpDir: /scratch/garcijo/SGE_8934265/tpe8e2b7d7_fbc0_45b5_8ad0_723f8edc6ba5
staging atlas
Using tmpDir: /scratch/garcijo/SGE_8934265/tp36f69671_fa3a_4288_9200_581f305f9a04

Extracting features..
##Features extraction completed##
############### Apply model ###########
Loading pre-trained model..
combine with age..
     1    19


Features_sub =

  1x19 single row vector

   1.0e+03 *

  Columns 1 through 7

    9.3650    6.0930    0.0026    0.3817    0.0792    0.0004    0.0006

  Columns 8 through 14

    0.0036    0.0009    0.0045    0.0002    0.0010    0.0005    0.0848

  Columns 15 through 19

    0.0028         0    0.3333    0.2744    0.3344

     1    20


Test_Features =

   1.0e+03 *

  Columns 1 through 7

    0.0530    9.3650    6.0930    0.0026    0.3817    0.0792    0.0004

  Columns 8 through 14

    0.0006    0.0036    0.0009    0.0045    0.0002    0.0010    0.0005

  Columns 15 through 20

    0.0848    0.0028         0    0.3333    0.2744    0.3344

scale..
Predict..
Accuracy = 0% (0/1) (classification)
output results..
Finished.
