INFO: Conflicting module gcc/5.2.0 detected and automatically unloaded.

INFO: Conflicting module gcc/5.2.0 detected and automatically unloaded.

/cbica/home/garcijo/Brain_Tumor/Projects/ReSPOND_survival_validation/ipp_survival_respond23/bin/libs/python38_gbmsurvival22/lib/python3.8/site-packages/dataframe_image/_pandas_accessor.py:69: FutureWarning: this method is deprecated in favour of `Styler.to_html()`
  html = '<div>' + obj.render() + '</div>'
findfont: Font family ['Helvetica'] not found. Falling back to DejaVu Sans.
findfont: Font family ['Helvetica'] not found. Falling back to DejaVu Sans.
/cbica/home/garcijo/Brain_Tumor/Projects/ReSPOND_survival_validation/ipp_survival_respond23/bin/GBMsurvival_report.py:621: FutureWarning: The frame.append method is deprecated and will be removed from pandas in a future version. Use pandas.concat instead.
  all_df = respond_df.append(sub_df)
/cbica/home/garcijo/Brain_Tumor/Projects/ReSPOND_survival_validation/ipp_survival_respond23/bin/data/model

Input info:
user description: UPENN-GBM-00006_11
flag_noTC (1-noTC): 0
t1: /cbica/home/garcijo/Brain_Tumor/Projects/ReSPOND_survival_validation/Results/20231004_validation/UPENN-GBM-00006_11/images/T1/T1_to_SRI_brain.nii.gz
t1ce: /cbica/home/garcijo/Brain_Tumor/Projects/ReSPOND_survival_validation/Results/20231004_validation/UPENN-GBM-00006_11/images/T1CE/T1CE_to_SRI_brain.nii.gz
t2: /cbica/home/garcijo/Brain_Tumor/Projects/ReSPOND_survival_validation/Results/20231004_validation/UPENN-GBM-00006_11/images/T2/T2_to_SRI_brain.nii.gz
flair: /cbica/home/garcijo/Brain_Tumor/Projects/ReSPOND_survival_validation/Results/20231004_validation/UPENN-GBM-00006_11/images/FL/FL_to_SRI_brain.nii.gz
mask: None
seg: /cbica/home/garcijo/Brain_Tumor/Projects/ReSPOND_survival_validation/Results/20231004_validation/UPENN-GBM-00006_11/tmpdir/seg/segmSRI_user.nii.gz
segtype: 0
seg_tcinatlas: /cbica/home/garcijo/Brain_Tumor/Projects/ReSPOND_survival_validation/Results/20231004_validation/UPENN-GBM-00006_11/tmpdir/deform/sub_segm_rdAtlas_TC.nii.gz
fe: /cbica/home/garcijo/Brain_Tumor/Projects/ReSPOND_survival_validation/Results/20231004_validation/UPENN-GBM-00006_11/ML/features.csv
spi: /cbica/home/garcijo/Brain_Tumor/Projects/ReSPOND_survival_validation/Results/20231004_validation/UPENN-GBM-00006_11/ML/results.csv
modeldir: /cbica/home/garcijo/Brain_Tumor/Projects/ReSPOND_survival_validation/ipp_survival_respond23/bin/data/model
outdir: /cbica/home/garcijo/Brain_Tumor/Projects/ReSPOND_survival_validation/Results/20231004_validation/UPENN-GBM-00006_11/tmpdir/Report
Finished

